[01:38:44] [main/INFO]: Using mbed TLS based native cipher.
[01:38:44] [main/INFO]: Using zlib based native compressor.
[01:38:44] [main/INFO]: Enabled Waterfall version git:Waterfall-Bootstrap:1.19-R0.1-SNAPSHOT:f6069e2:513
[01:38:45] [main/INFO]: Not on Windows, attempting to use enhanced EpollEventLoop
[01:38:45] [main/INFO]: Epoll is working, utilising it!
[01:38:45] [main/INFO]: Discovered module: ModuleSpec(name=cmd_alert, file=modules/cmd_alert.jar, provider=JenkinsModuleSource())
[01:38:45] [main/INFO]: Discovered module: ModuleSpec(name=cmd_find, file=modules/cmd_find.jar, provider=JenkinsModuleSource())
[01:38:45] [main/INFO]: Discovered module: ModuleSpec(name=cmd_list, file=modules/cmd_list.jar, provider=JenkinsModuleSource())
[01:38:45] [main/INFO]: Discovered module: ModuleSpec(name=cmd_send, file=modules/cmd_send.jar, provider=JenkinsModuleSource())
[01:38:45] [main/INFO]: Discovered module: ModuleSpec(name=cmd_server, file=modules/cmd_server.jar, provider=JenkinsModuleSource())
[01:38:45] [main/INFO]: Discovered module: ModuleSpec(name=reconnect_yaml, file=modules/reconnect_yaml.jar, provider=JenkinsModuleSource())
[01:38:45] [main/INFO]: Loaded plugin reconnect_yaml version git:reconnect_yaml:1.19-R0.1-SNAPSHOT:f6069e2:513 by WaterfallMC
[01:38:45] [main/INFO]: Loaded plugin cmd_find version git:cmd_find:1.19-R0.1-SNAPSHOT:f6069e2:513 by WaterfallMC
[01:38:45] [main/INFO]: Loaded plugin cmd_server version git:cmd_server:1.19-R0.1-SNAPSHOT:f6069e2:513 by WaterfallMC
[01:38:45] [main/INFO]: Loaded plugin cmd_alert version git:cmd_alert:1.19-R0.1-SNAPSHOT:f6069e2:513 by WaterfallMC
[01:38:45] [main/INFO]: Loaded plugin cmd_send version git:cmd_send:1.19-R0.1-SNAPSHOT:f6069e2:513 by WaterfallMC
[01:38:45] [main/INFO]: Loaded plugin cmd_list version git:cmd_list:1.19-R0.1-SNAPSHOT:f6069e2:513 by WaterfallMC
[01:38:45] [main/WARN]: :>:>:>:>:>:>:>:>:>:>:>:>:>:>:>:>:>:>:>:>:>:>:>
[01:38:45] [main/WARN]: :>  
[01:38:45] [main/WARN]: :>      EAGLERCRAFTXBUNGEE WARNING:
[01:38:45] [main/WARN]: :>  
[01:38:45] [main/WARN]: :>  This plugin wasn't tested to be 'working'
[01:38:45] [main/WARN]: :>  with ANY version of BungeeCord (and forks)
[01:38:45] [main/WARN]: :>  apart from the versions listed below:
[01:38:45] [main/WARN]: :>  
[01:38:45] [main/WARN]: :>  - BungeeCord: 1.20-R0.2-SNAPSHOT:231024b:1777
[01:38:45] [main/WARN]: :>  - Waterfall: 1.20-R0.2-SNAPSHOT:d85fe36:556
[01:38:45] [main/WARN]: :>  - FlameCord: 1.1.1
[01:38:45] [main/WARN]: :>  
[01:38:45] [main/WARN]: :>  This is not a Bukkit/Spigot plugin!
[01:38:45] [main/WARN]: :>  
[01:38:45] [main/WARN]: :>  Use "-Deaglerxbungee.stfu=true" to hide
[01:38:45] [main/WARN]: :>  
[01:38:45] [main/WARN]: :>:>:>:>:>:>:>:>:>:>:>:>:>:>:>:>:>:>:>:>:>:>:>
[01:38:45] [main/INFO] [EaglercraftXBungee]: Loading vanilla profile: lax1dude
[01:38:45] [Skin Download Thread #1/INFO] [EaglercraftXBungee]: Loaded vanilla profile: lax1dude
[01:38:45] [main/INFO]: Loaded plugin EaglercraftXBungee version 1.0.9 by lax1dude
[01:38:45] [main/WARN]: Forced host server pvp is not defined
[01:38:45] [main/INFO]: Enabled plugin reconnect_yaml version git:reconnect_yaml:1.19-R0.1-SNAPSHOT:f6069e2:513 by WaterfallMC
[01:38:45] [main/INFO]: Enabled plugin cmd_find version git:cmd_find:1.19-R0.1-SNAPSHOT:f6069e2:513 by WaterfallMC
[01:38:45] [main/INFO]: Enabled plugin cmd_server version git:cmd_server:1.19-R0.1-SNAPSHOT:f6069e2:513 by WaterfallMC
[01:38:45] [main/INFO]: Enabled plugin cmd_alert version git:cmd_alert:1.19-R0.1-SNAPSHOT:f6069e2:513 by WaterfallMC
[01:38:45] [main/INFO]: Enabled plugin cmd_send version git:cmd_send:1.19-R0.1-SNAPSHOT:f6069e2:513 by WaterfallMC
[01:38:45] [main/INFO]: Enabled plugin cmd_list version git:cmd_list:1.19-R0.1-SNAPSHOT:f6069e2:513 by WaterfallMC
[01:38:45] [main/ERROR] [EaglercraftXBungee]: Online mode is set to false! Authentication system has been disabled
[01:38:45] [Netty Worker IO Thread #0/INFO] [EaglercraftXBungee]: Eaglercraft is listening on: /0.0.0.0:8081
[01:38:46] [main/INFO] [EaglercraftXBungee]: Connected to database: jdbc:sqlite:eaglercraft_skins_cache.db
[01:38:46] [main/INFO]: Enabled plugin EaglercraftXBungee version 1.0.9 by lax1dude
[01:38:46] [Netty Boss IO Thread #0/INFO]: Listening on /127.0.0.1:25577
[01:38:46] [Netty Worker IO Thread #1/INFO]: Started query on /127.0.0.1:25577
[01:40:04] [Netty Worker IO Thread #2/WARN] [EaglercraftXBungee]: Server icon is not a file: /workspaces/EaglercraftX-Server/bungee/server-icon.png
[01:40:05] [Netty Worker IO Thread #3/INFO] [EaglercraftXBungee]: [/[0:0:0:0:0:0:0:1%0]:40164]: Connected via websocket
[01:40:05] [Netty Worker IO Thread #3/INFO] [EaglercraftXBungee]: [/[0:0:0:0:0:0:0:1%0]:40164]: Origin header is null
[01:40:05] [Netty Worker IO Thread #3/INFO] [EaglercraftXBungee]: [/[0:0:0:0:0:0:0:1%0]:40164]: Logged in as 'NOSgaming3125'
[01:40:05] [Netty Worker IO Thread #3/INFO]: [/[0:0:0:0:0:0:0:1%0]:40164|NOSgaming3125] -> UpstreamBridge has connected
[01:40:05] [Netty Worker IO Thread #3/INFO]: [NOSgaming3125|/[0:0:0:0:0:0:0:1%0]:40164] <-> ServerConnector [lobby] has connected
[01:44:48] [Netty Worker IO Thread #3/INFO]: [NOSgaming3125] disconnected with: Proxy lost connection to server.
[01:44:48] [Netty Worker IO Thread #3/INFO]: [/[0:0:0:0:0:0:0:1%0]:40164|NOSgaming3125] <-> DownstreamBridge <-> [lobby] has disconnected
[01:44:48] [Netty Worker IO Thread #3/INFO]: [/[0:0:0:0:0:0:0:1%0]:40164|NOSgaming3125] -> UpstreamBridge has disconnected
[01:45:09] [Netty Worker IO Thread #4/INFO] [EaglercraftXBungee]: [/[0:0:0:0:0:0:0:1%0]:40788]: Connected via websocket
[01:45:09] [Netty Worker IO Thread #4/INFO] [EaglercraftXBungee]: [/[0:0:0:0:0:0:0:1%0]:40788]: Origin header is null
[01:45:09] [Netty Worker IO Thread #4/INFO] [EaglercraftXBungee]: [/[0:0:0:0:0:0:0:1%0]:40788]: Logged in as 'NOSgaming3125'
[01:45:09] [Netty Worker IO Thread #4/INFO]: [/[0:0:0:0:0:0:0:1%0]:40788|NOSgaming3125] -> UpstreamBridge has connected
[01:45:09] [Netty Worker IO Thread #4/INFO]: [NOSgaming3125|/[0:0:0:0:0:0:0:1%0]:40788] <-> ServerConnector [lobby] has connected
[01:45:16] [Netty Worker IO Thread #4/INFO]: [/[0:0:0:0:0:0:0:1%0]:40788|NOSgaming3125] -> UpstreamBridge has disconnected
[01:45:16] [Netty Worker IO Thread #4/INFO]: [NOSgaming3125] disconnected with: Proxy lost connection to server.
[01:45:16] [Netty Worker IO Thread #4/INFO]: [/[0:0:0:0:0:0:0:1%0]:40788|NOSgaming3125] <-> DownstreamBridge <-> [lobby] has disconnected
[01:45:23] [Netty Worker IO Thread #7/INFO] [EaglercraftXBungee]: [/[0:0:0:0:0:0:0:1%0]:47548]: Connected via websocket
[01:45:23] [Netty Worker IO Thread #7/INFO] [EaglercraftXBungee]: [/[0:0:0:0:0:0:0:1%0]:47548]: Origin header is null
[01:45:23] [Netty Worker IO Thread #7/INFO] [EaglercraftXBungee]: [/[0:0:0:0:0:0:0:1%0]:47548]: Logged in as 'Sapnap'
[01:45:23] [Netty Worker IO Thread #7/INFO]: [/[0:0:0:0:0:0:0:1%0]:47548|Sapnap] -> UpstreamBridge has connected
[01:45:23] [Netty Worker IO Thread #7/INFO]: [Sapnap|/[0:0:0:0:0:0:0:1%0]:47548] <-> ServerConnector [lobby] has connected
[01:45:44] [Netty Worker IO Thread #7/INFO]: [/[0:0:0:0:0:0:0:1%0]:47548|Sapnap] -> UpstreamBridge has disconnected
[01:45:44] [Netty Worker IO Thread #7/INFO]: [Sapnap] disconnected with: Proxy lost connection to server.
[01:45:44] [Netty Worker IO Thread #7/INFO]: [/[0:0:0:0:0:0:0:1%0]:47548|Sapnap] <-> DownstreamBridge <-> [lobby] has disconnected
[01:45:54] [Netty Worker IO Thread #2/INFO] [EaglercraftXBungee]: [/[0:0:0:0:0:0:0:1%0]:55392]: Connected via websocket
[01:45:54] [Netty Worker IO Thread #2/INFO] [EaglercraftXBungee]: [/[0:0:0:0:0:0:0:1%0]:55392]: Origin header is null
[01:45:54] [Netty Worker IO Thread #2/INFO] [EaglercraftXBungee]: [/[0:0:0:0:0:0:0:1%0]:55392]: Logged in as 'test16735'
[01:45:54] [Netty Worker IO Thread #2/INFO]: [/[0:0:0:0:0:0:0:1%0]:55392|test16735] -> UpstreamBridge has connected
[01:45:54] [Netty Worker IO Thread #2/INFO]: [test16735|/[0:0:0:0:0:0:0:1%0]:55392] <-> ServerConnector [lobby] has connected
[01:45:58] [Netty Worker IO Thread #2/INFO]: [/[0:0:0:0:0:0:0:1%0]:55392|test16735] -> UpstreamBridge has disconnected
[01:45:58] [Netty Worker IO Thread #2/INFO]: [test16735] disconnected with: Proxy lost connection to server.
[01:45:58] [Netty Worker IO Thread #2/INFO]: [/[0:0:0:0:0:0:0:1%0]:55392|test16735] <-> DownstreamBridge <-> [lobby] has disconnected
[01:46:08] [Netty Worker IO Thread #5/INFO] [EaglercraftXBungee]: [/[0:0:0:0:0:0:0:1%0]:35560]: Connected via websocket
[01:46:08] [Netty Worker IO Thread #5/INFO] [EaglercraftXBungee]: [/[0:0:0:0:0:0:0:1%0]:35560]: Origin header is null
[01:46:08] [Netty Worker IO Thread #5/INFO] [EaglercraftXBungee]: [/[0:0:0:0:0:0:0:1%0]:35560]: Logged in as 'Sapnap'
[01:46:08] [Netty Worker IO Thread #5/INFO]: [/[0:0:0:0:0:0:0:1%0]:35560|Sapnap] -> UpstreamBridge has connected
[01:46:08] [Netty Worker IO Thread #5/INFO]: [Sapnap|/[0:0:0:0:0:0:0:1%0]:35560] <-> ServerConnector [lobby] has connected
[01:46:20] [Netty Worker IO Thread #5/INFO]: [/[0:0:0:0:0:0:0:1%0]:35560|Sapnap] -> UpstreamBridge has disconnected
[01:46:20] [Netty Worker IO Thread #5/INFO]: [Sapnap] disconnected with: Proxy lost connection to server.
[01:46:20] [Netty Worker IO Thread #5/INFO]: [/[0:0:0:0:0:0:0:1%0]:35560|Sapnap] <-> DownstreamBridge <-> [lobby] has disconnected
[01:46:28] [Netty Worker IO Thread #0/INFO] [EaglercraftXBungee]: [/[0:0:0:0:0:0:0:1%0]:53368]: Connected via websocket
[01:46:28] [Netty Worker IO Thread #0/INFO] [EaglercraftXBungee]: [/[0:0:0:0:0:0:0:1%0]:53368]: Origin header is null
[01:46:29] [Netty Worker IO Thread #0/INFO] [EaglercraftXBungee]: [/[0:0:0:0:0:0:0:1%0]:53368]: Logged in as 'Sapnap'
[01:46:29] [Netty Worker IO Thread #0/INFO]: [/[0:0:0:0:0:0:0:1%0]:53368|Sapnap] -> UpstreamBridge has connected
[01:46:29] [Netty Worker IO Thread #0/INFO]: [Sapnap|/[0:0:0:0:0:0:0:1%0]:53368] <-> ServerConnector [lobby] has connected
[01:47:58] [Netty Worker IO Thread #0/INFO]: [/[0:0:0:0:0:0:0:1%0]:53368|Sapnap] -> UpstreamBridge has disconnected
[01:47:58] [Netty Worker IO Thread #0/INFO]: [Sapnap] disconnected with: Proxy lost connection to server.
[01:47:58] [Netty Worker IO Thread #0/INFO]: [/[0:0:0:0:0:0:0:1%0]:53368|Sapnap] <-> DownstreamBridge <-> [lobby] has disconnected
[01:48:08] [Netty Worker IO Thread #3/INFO] [EaglercraftXBungee]: [/[0:0:0:0:0:0:0:1%0]:54654]: Connected via websocket
[01:48:08] [Netty Worker IO Thread #3/INFO] [EaglercraftXBungee]: [/[0:0:0:0:0:0:0:1%0]:54654]: Origin header is null
[01:48:09] [Netty Worker IO Thread #3/INFO] [EaglercraftXBungee]: [/[0:0:0:0:0:0:0:1%0]:54654]: Logged in as 'NOSgaming3125'
[01:48:09] [Netty Worker IO Thread #3/INFO]: [/[0:0:0:0:0:0:0:1%0]:54654|NOSgaming3125] -> UpstreamBridge has connected
[01:48:09] [Netty Worker IO Thread #3/INFO]: [NOSgaming3125|/[0:0:0:0:0:0:0:1%0]:54654] <-> ServerConnector [lobby] has connected
[01:49:26] [Netty Worker IO Thread #3/INFO]: [/[0:0:0:0:0:0:0:1%0]:54654|NOSgaming3125] -> UpstreamBridge has disconnected
[01:49:26] [Netty Worker IO Thread #3/INFO]: [NOSgaming3125] disconnected with: Proxy lost connection to server.
[01:49:26] [Netty Worker IO Thread #3/INFO]: [/[0:0:0:0:0:0:0:1%0]:54654|NOSgaming3125] <-> DownstreamBridge <-> [lobby] has disconnected
[01:49:33] [Netty Worker IO Thread #6/INFO] [EaglercraftXBungee]: [/[0:0:0:0:0:0:0:1%0]:48602]: Connected via websocket
[01:49:33] [Netty Worker IO Thread #6/INFO] [EaglercraftXBungee]: [/[0:0:0:0:0:0:0:1%0]:48602]: Origin header is null
[01:49:33] [Netty Worker IO Thread #6/INFO] [EaglercraftXBungee]: [/[0:0:0:0:0:0:0:1%0]:48602]: Logged in as 'Sapnap'
[01:49:33] [Netty Worker IO Thread #6/INFO]: [/[0:0:0:0:0:0:0:1%0]:48602|Sapnap] -> UpstreamBridge has connected
[01:49:33] [Netty Worker IO Thread #6/INFO]: [Sapnap|/[0:0:0:0:0:0:0:1%0]:48602] <-> ServerConnector [lobby] has connected
[01:50:53] [Netty Worker IO Thread #6/INFO]: [/[0:0:0:0:0:0:0:1%0]:48602|Sapnap] -> UpstreamBridge has disconnected
[01:50:53] [Netty Worker IO Thread #6/INFO]: [Sapnap] disconnected with: Proxy lost connection to server.
[01:50:53] [Netty Worker IO Thread #6/INFO]: [/[0:0:0:0:0:0:0:1%0]:48602|Sapnap] <-> DownstreamBridge <-> [lobby] has disconnected
[01:51:02] [Netty Worker IO Thread #1/INFO] [EaglercraftXBungee]: [/[0:0:0:0:0:0:0:1%0]:54602]: Connected via websocket
[01:51:02] [Netty Worker IO Thread #1/INFO] [EaglercraftXBungee]: [/[0:0:0:0:0:0:0:1%0]:54602]: Origin header is null
[01:51:02] [Netty Worker IO Thread #1/INFO] [EaglercraftXBungee]: [/[0:0:0:0:0:0:0:1%0]:54602]: Logged in as 'NOSgaming3125'
[01:51:02] [Netty Worker IO Thread #1/INFO]: [/[0:0:0:0:0:0:0:1%0]:54602|NOSgaming3125] -> UpstreamBridge has connected
[01:51:02] [Netty Worker IO Thread #1/INFO]: [NOSgaming3125|/[0:0:0:0:0:0:0:1%0]:54602] <-> ServerConnector [lobby] has connected
[01:52:01] [Netty Worker IO Thread #1/INFO]: [/[0:0:0:0:0:0:0:1%0]:54602|NOSgaming3125] -> UpstreamBridge has disconnected
[01:52:01] [Netty Worker IO Thread #1/INFO]: [NOSgaming3125] disconnected with: Proxy lost connection to server.
[01:52:01] [Netty Worker IO Thread #1/INFO]: [/[0:0:0:0:0:0:0:1%0]:54602|NOSgaming3125] <-> DownstreamBridge <-> [lobby] has disconnected
[01:52:06] [Netty Worker IO Thread #4/INFO] [EaglercraftXBungee]: [/[0:0:0:0:0:0:0:1%0]:33810]: Connected via websocket
[01:52:06] [Netty Worker IO Thread #4/INFO] [EaglercraftXBungee]: [/[0:0:0:0:0:0:0:1%0]:33810]: Origin header is null
[01:52:06] [Netty Worker IO Thread #4/INFO] [EaglercraftXBungee]: [/[0:0:0:0:0:0:0:1%0]:33810]: Logged in as 'Sapnap'
[01:52:06] [Netty Worker IO Thread #4/INFO]: [/[0:0:0:0:0:0:0:1%0]:33810|Sapnap] -> UpstreamBridge has connected
[01:52:06] [Netty Worker IO Thread #4/INFO]: [Sapnap|/[0:0:0:0:0:0:0:1%0]:33810] <-> ServerConnector [lobby] has connected
[01:52:39] [Netty Worker IO Thread #4/INFO]: [/[0:0:0:0:0:0:0:1%0]:33810|Sapnap] -> UpstreamBridge has disconnected
[01:52:39] [Netty Worker IO Thread #4/INFO]: [Sapnap] disconnected with: Proxy lost connection to server.
[01:52:39] [Netty Worker IO Thread #4/INFO]: [/[0:0:0:0:0:0:0:1%0]:33810|Sapnap] <-> DownstreamBridge <-> [lobby] has disconnected
[01:52:58] [Netty Worker IO Thread #0/INFO] [EaglercraftXBungee]: [/[0:0:0:0:0:0:0:1%0]:48844]: Connected via websocket
[01:52:58] [Netty Worker IO Thread #0/INFO] [EaglercraftXBungee]: [/[0:0:0:0:0:0:0:1%0]:48844]: Origin header is null
[01:52:58] [Netty Worker IO Thread #0/INFO] [EaglercraftXBungee]: [/[0:0:0:0:0:0:0:1%0]:48844]: Logged in as 'NOSgaming3125'
[01:52:58] [Netty Worker IO Thread #0/INFO]: [/[0:0:0:0:0:0:0:1%0]:48844|NOSgaming3125] -> UpstreamBridge has connected
[01:52:58] [Netty Worker IO Thread #0/INFO]: [NOSgaming3125|/[0:0:0:0:0:0:0:1%0]:48844] <-> ServerConnector [lobby] has connected
[01:54:16] [Netty Worker IO Thread #0/INFO]: [/[0:0:0:0:0:0:0:1%0]:48844|NOSgaming3125] -> UpstreamBridge has disconnected
[01:54:16] [Netty Worker IO Thread #0/INFO]: [NOSgaming3125] disconnected with: Proxy lost connection to server.
[01:54:16] [Netty Worker IO Thread #0/INFO]: [/[0:0:0:0:0:0:0:1%0]:48844|NOSgaming3125] <-> DownstreamBridge <-> [lobby] has disconnected
[01:54:23] [Netty Worker IO Thread #3/INFO] [EaglercraftXBungee]: [/[0:0:0:0:0:0:0:1%0]:36570]: Connected via websocket
[01:54:23] [Netty Worker IO Thread #3/INFO] [EaglercraftXBungee]: [/[0:0:0:0:0:0:0:1%0]:36570]: Origin header is null
[01:54:23] [Netty Worker IO Thread #3/INFO] [EaglercraftXBungee]: [/[0:0:0:0:0:0:0:1%0]:36570]: Logged in as 'Sapnap'
[01:54:23] [Netty Worker IO Thread #3/INFO]: [/[0:0:0:0:0:0:0:1%0]:36570|Sapnap] -> UpstreamBridge has connected
[01:54:23] [Netty Worker IO Thread #3/INFO]: [Sapnap|/[0:0:0:0:0:0:0:1%0]:36570] <-> ServerConnector [lobby] has connected
[01:55:05] [Netty Worker IO Thread #3/INFO]: [/[0:0:0:0:0:0:0:1%0]:36570|Sapnap] -> UpstreamBridge has disconnected
[01:55:05] [Netty Worker IO Thread #3/INFO]: [Sapnap] disconnected with: Proxy lost connection to server.
[01:55:05] [Netty Worker IO Thread #3/INFO]: [/[0:0:0:0:0:0:0:1%0]:36570|Sapnap] <-> DownstreamBridge <-> [lobby] has disconnected
[01:55:13] [Netty Worker IO Thread #6/INFO] [EaglercraftXBungee]: [/[0:0:0:0:0:0:0:1%0]:39894]: Connected via websocket
[01:55:13] [Netty Worker IO Thread #6/INFO] [EaglercraftXBungee]: [/[0:0:0:0:0:0:0:1%0]:39894]: Origin header is null
[01:55:13] [Netty Worker IO Thread #6/INFO] [EaglercraftXBungee]: [/[0:0:0:0:0:0:0:1%0]:39894]: Logged in as 'NOSgaming3125'
[01:55:13] [Netty Worker IO Thread #6/INFO]: [/[0:0:0:0:0:0:0:1%0]:39894|NOSgaming3125] -> UpstreamBridge has connected
[01:55:13] [Netty Worker IO Thread #6/INFO]: [NOSgaming3125|/[0:0:0:0:0:0:0:1%0]:39894] <-> ServerConnector [lobby] has connected
[01:59:01] [Netty Worker IO Thread #6/INFO]: [/[0:0:0:0:0:0:0:1%0]:39894|NOSgaming3125] -> UpstreamBridge has disconnected
[01:59:01] [Netty Worker IO Thread #6/INFO]: [NOSgaming3125] disconnected with: Proxy lost connection to server.
[01:59:01] [Netty Worker IO Thread #6/INFO]: [/[0:0:0:0:0:0:0:1%0]:39894|NOSgaming3125] <-> DownstreamBridge <-> [lobby] has disconnected
[01:59:07] [Netty Worker IO Thread #1/INFO] [EaglercraftXBungee]: [/[0:0:0:0:0:0:0:1%0]:34320]: Connected via websocket
[01:59:07] [Netty Worker IO Thread #1/INFO] [EaglercraftXBungee]: [/[0:0:0:0:0:0:0:1%0]:34320]: Origin header is null
[01:59:08] [Netty Worker IO Thread #1/INFO] [EaglercraftXBungee]: [/[0:0:0:0:0:0:0:1%0]:34320]: Logged in as 'Sapnap'
[01:59:08] [Netty Worker IO Thread #1/INFO]: [/[0:0:0:0:0:0:0:1%0]:34320|Sapnap] -> UpstreamBridge has connected
[01:59:08] [Netty Worker IO Thread #1/INFO]: [Sapnap|/[0:0:0:0:0:0:0:1%0]:34320] <-> ServerConnector [lobby] has connected
[02:00:02] [Netty Worker IO Thread #1/INFO]: [/[0:0:0:0:0:0:0:1%0]:34320|Sapnap] -> UpstreamBridge has disconnected
[02:00:02] [Netty Worker IO Thread #1/INFO]: [Sapnap] disconnected with: Proxy lost connection to server.
[02:00:02] [Netty Worker IO Thread #1/INFO]: [/[0:0:0:0:0:0:0:1%0]:34320|Sapnap] <-> DownstreamBridge <-> [lobby] has disconnected
[02:00:09] [Netty Worker IO Thread #4/INFO] [EaglercraftXBungee]: [/[0:0:0:0:0:0:0:1%0]:53652]: Connected via websocket
[02:00:09] [Netty Worker IO Thread #4/INFO] [EaglercraftXBungee]: [/[0:0:0:0:0:0:0:1%0]:53652]: Origin header is null
[02:00:10] [Netty Worker IO Thread #4/INFO] [EaglercraftXBungee]: [/[0:0:0:0:0:0:0:1%0]:53652]: Logged in as 'NOSgaming3125'
[02:00:10] [Netty Worker IO Thread #4/INFO]: [/[0:0:0:0:0:0:0:1%0]:53652|NOSgaming3125] -> UpstreamBridge has connected
[02:00:10] [Netty Worker IO Thread #4/INFO]: [NOSgaming3125|/[0:0:0:0:0:0:0:1%0]:53652] <-> ServerConnector [lobby] has connected
[02:17:27] [Netty Worker IO Thread #4/INFO]: [NOSgaming3125] disconnected with: Server closed
[02:17:27] [Netty Worker IO Thread #4/INFO]: [/[0:0:0:0:0:0:0:1%0]:53652|NOSgaming3125] -> UpstreamBridge has disconnected
[02:17:27] [Netty Worker IO Thread #4/INFO]: [/[0:0:0:0:0:0:0:1%0]:53652|NOSgaming3125] <-> DownstreamBridge <-> [lobby] has disconnected
[02:17:36] [Netty Worker IO Thread #6/INFO] [EaglercraftXBungee]: [/[0:0:0:0:0:0:0:1%0]:36792]: Connected via websocket
[02:17:36] [Netty Worker IO Thread #6/INFO] [EaglercraftXBungee]: [/[0:0:0:0:0:0:0:1%0]:36792]: Origin header is null
[02:17:36] [Netty Worker IO Thread #6/INFO] [EaglercraftXBungee]: [/[0:0:0:0:0:0:0:1%0]:36792]: Logged in as 'NOSgaming3125'
[02:17:36] [Netty Worker IO Thread #6/INFO]: [/[0:0:0:0:0:0:0:1%0]:36792|NOSgaming3125] -> UpstreamBridge has connected
[02:17:36] [Netty Worker IO Thread #6/INFO]: [NOSgaming3125|/[0:0:0:0:0:0:0:1%0]:36792] <-> ServerConnector [lobby] has connected
[02:17:42] [Netty Worker IO Thread #6/INFO]: [NOSgaming3125] disconnected with: Kicked whilst connecting to lobby: [LP] Permissions data for your user was not loaded during the pre-login stage - unable to continue. Please try again later. If you are a server admin, please check the console for any errors.
[02:17:42] [Netty Worker IO Thread #6/INFO]: [/[0:0:0:0:0:0:0:1%0]:36792|NOSgaming3125] -> UpstreamBridge has disconnected
[02:17:42] [Netty Worker IO Thread #6/INFO]: [NOSgaming3125|/[0:0:0:0:0:0:0:1%0]:36792] <-> ServerConnector [lobby] has disconnected
[02:17:49] [Netty Worker IO Thread #0/INFO] [EaglercraftXBungee]: [/[0:0:0:0:0:0:0:1%0]:55510]: Connected via websocket
[02:17:49] [Netty Worker IO Thread #0/INFO] [EaglercraftXBungee]: [/[0:0:0:0:0:0:0:1%0]:55510]: Origin header is null
[02:17:49] [Netty Worker IO Thread #0/INFO] [EaglercraftXBungee]: [/[0:0:0:0:0:0:0:1%0]:55510]: Logged in as 'NOSgaming3125'
[02:17:49] [Netty Worker IO Thread #0/INFO]: [/[0:0:0:0:0:0:0:1%0]:55510|NOSgaming3125] -> UpstreamBridge has connected
[02:17:49] [Netty Worker IO Thread #0/INFO]: [NOSgaming3125|/[0:0:0:0:0:0:0:1%0]:55510] <-> ServerConnector [lobby] has connected
